  Building Custom Rule C:/Users/CristalClar/OneDrive/Documents/Arduino/pm/project_final/stepper_music/midicomp/CMakeLists.txt
  yyread.c
C:\Users\CristalClar\OneDrive\Documents\Arduino\pm\project_final\stepper_music\midicomp\yyread.c(6,10): fatal error C1083: Cannot open include file: 'unistd.h': No such file or directory
  midicomp.c
C:\Users\CristalClar\OneDrive\Documents\Arduino\pm\project_final\stepper_music\midicomp\midicomp.c(37,10): fatal error C1083: Cannot open include file: 'unistd.h': No such file or directory
  t2mflex.c
C:\Program Files (x86)\Windows Kits\10\Include\10.0.19041.0\ucrt\corecrt_malloc.h(89,14): error C2375: 'free': redefinition; different linkage
C:\Users\CristalClar\OneDrive\Documents\Arduino\pm\project_final\stepper_music\midicomp\t2mflex.c(12): message : see declaration of 'free'
C:\Program Files (x86)\Windows Kits\10\Include\10.0.19041.0\ucrt\corecrt_malloc.h(101,15): error C2375: 'malloc': redefinition; different linkage
C:\Users\CristalClar\OneDrive\Documents\Arduino\pm\project_final\stepper_music\midicomp\t2mflex.c(11): message : see declaration of 'malloc'
C:\Program Files (x86)\Windows Kits\10\Include\10.0.19041.0\ucrt\corecrt_wstdlib.h(377,10): warning C4028: formal parameter 1 different from declaration
C:\Program Files (x86)\Windows Kits\10\Include\10.0.19041.0\ucrt\stdlib.h(236,65): warning C4028: formal parameter 1 different from declaration
t2mf.fl(456,2): warning C4244: '=': conversion from '__int64' to 'int', possible loss of data
t2mf.fl(83,9): warning C4013: 'error' undefined; assuming extern returning int
t2mf.fl(72,1): warning C4996: 'sscanf': This function or variable may be unsafe. Consider using sscanf_s instead. To disable deprecation, use _CRT_SECURE_NO_WARNINGS. See online help for details.
t2mf.fl(73,1): warning C4996: 'sscanf': This function or variable may be unsafe. Consider using sscanf_s instead. To disable deprecation, use _CRT_SECURE_NO_WARNINGS. See online help for details.
t2mf.fl(75,1): warning C4996: 'sscanf': This function or variable may be unsafe. Consider using sscanf_s instead. To disable deprecation, use _CRT_SECURE_NO_WARNINGS. See online help for details.
t2mf.fl(104,5): warning C4244: 'initializing': conversion from '__int64' to 'int', possible loss of data
t2mf.fl(242,41): warning C4244: '=': conversion from '__int64' to 'int', possible loss of data
t2mf.fl(264,1): warning C4996: 'fileno': The POSIX name for this item is deprecated. Instead, use the ISO C and C++ conformant name: _fileno. See online help for details.
t2mf.fl(410,5): warning C4244: '=': conversion from '__int64' to 'int', possible loss of data
  Generating Code...
